30-Sep-2025 11:21:02.454 정보 [Catalina-utility-1] org.apache.catalina.startup.HostConfig.undeploy 컨텍스트 []의 배치를 제거합니다.
30-Sep-2025 11:21:02.459 정보 [Catalina-utility-1] org.apache.catalina.core.ApplicationContext.log Destroying Spring FrameworkServlet 'dispatcherServlet'
30-Sep-2025 11:21:02.461 정보 [Catalina-utility-1] org.apache.catalina.core.ApplicationContext.log Closing Spring root WebApplicationContext
30-Sep-2025 11:21:02.509 경고 [Catalina-utility-1] org.apache.catalina.loader.WebappClassLoaderBase.clearReferencesObjectStreamClassCaches 웹 애플리케이션 [ROOT]을(를) 위해, ObjectStreamClass$Caches로부터 soft references를 폐기하지 못했습니다.
	java.lang.ClassCastException: class java.io.ObjectStreamClass$Caches$1 cannot be cast to class java.util.Map (java.io.ObjectStreamClass$Caches$1 and java.util.Map are in module java.base of loader 'bootstrap')
		at org.apache.catalina.loader.WebappClassLoaderBase.clearCache(WebappClassLoaderBase.java:2374)
		at org.apache.catalina.loader.WebappClassLoaderBase.clearReferencesObjectStreamClassCaches(WebappClassLoaderBase.java:2349)
		at org.apache.catalina.loader.WebappClassLoaderBase.clearReferences(WebappClassLoaderBase.java:1711)
		at org.apache.catalina.loader.WebappClassLoaderBase.stop(WebappClassLoaderBase.java:1639)
		at org.apache.catalina.loader.WebappLoader.stopInternal(WebappLoader.java:429)
		at org.apache.catalina.util.LifecycleBase.stop(LifecycleBase.java:257)
		at org.apache.catalina.core.StandardContext.stopInternal(StandardContext.java:5464)
		at org.apache.catalina.util.LifecycleBase.stop(LifecycleBase.java:257)
		at org.apache.catalina.core.ContainerBase.removeChild(ContainerBase.java:814)
		at org.apache.catalina.startup.HostConfig.undeploy(HostConfig.java:1556)
		at org.apache.catalina.startup.HostConfig.checkResources(HostConfig.java:1463)
		at org.apache.catalina.startup.HostConfig.check(HostConfig.java:1744)
		at org.apache.catalina.startup.HostConfig.lifecycleEvent(HostConfig.java:316)
		at org.apache.catalina.util.LifecycleBase.fireLifecycleEvent(LifecycleBase.java:123)
		at org.apache.catalina.core.ContainerBase.backgroundProcess(ContainerBase.java:1162)
		at org.apache.catalina.core.ContainerBase$ContainerBackgroundProcessor.processChildren(ContainerBase.java:1365)
		at org.apache.catalina.core.ContainerBase$ContainerBackgroundProcessor.processChildren(ContainerBase.java:1369)
		at org.apache.catalina.core.ContainerBase$ContainerBackgroundProcessor.run(ContainerBase.java:1347)
		at java.base/java.util.concurrent.Executors$RunnableAdapter.call(Executors.java:539)
		at java.base/java.util.concurrent.FutureTask.runAndReset(FutureTask.java:305)
		at java.base/java.util.concurrent.ScheduledThreadPoolExecutor$ScheduledFutureTask.run(ScheduledThreadPoolExecutor.java:305)
		at java.base/java.util.concurrent.ThreadPoolExecutor.runWorker(ThreadPoolExecutor.java:1136)
		at java.base/java.util.concurrent.ThreadPoolExecutor$Worker.run(ThreadPoolExecutor.java:635)
		at org.apache.tomcat.util.threads.TaskThread$WrappingRunnable.run(TaskThread.java:61)
		at java.base/java.lang.Thread.run(Thread.java:833)
30-Sep-2025 11:21:02.529 정보 [Catalina-utility-1] org.apache.catalina.startup.HostConfig.deployWAR 웹 애플리케이션 아카이브 [/tmdqh0615/tomcat/webapps/ROOT.war]을(를) 배치합니다.
30-Sep-2025 11:21:04.371 정보 [Catalina-utility-1] org.apache.jasper.servlet.TldScanner.scanJars 적어도 하나의 JAR가 TLD들을 찾기 위해 스캔되었으나 아무 것도 찾지 못했습니다. 스캔했으나 TLD가 없는 JAR들의 전체 목록을 보시려면, 로그 레벨을 디버그 레벨로 설정하십시오. 스캔 과정에서 불필요한 JAR들을 건너뛰면, 시스템 시작 시간과 JSP 컴파일 시간을 단축시킬 수 있습니다.
30-Sep-2025 11:21:04.404 정보 [Catalina-utility-1] org.apache.catalina.core.ApplicationContext.log 2 Spring WebApplicationInitializers detected on classpath
30-Sep-2025 11:21:05.554 정보 [Catalina-utility-1] org.apache.catalina.core.ApplicationContext.log Initializing Spring embedded WebApplicationContext
30-Sep-2025 11:21:08.514 정보 [Catalina-utility-1] org.apache.catalina.startup.HostConfig.deployWAR 웹 애플리케이션 아카이브 [/tmdqh0615/tomcat/webapps/ROOT.war]의 배치가 [5,985] 밀리초에 완료되었습니다.
30-Sep-2025 11:21:19.964 정보 [main] org.apache.catalina.core.AprLifecycleListener.lifecycleEvent 프로덕션 환경들에서 최적의 성능을 제공하는, APR 기반 Apache Tomcat Native 라이브러리가, 다음 java.library.path에서 발견되지 않습니다: [/home/hosting_users/usr/local/fakechroot/lib/fakechroot:/usr/local/fakechroot/lib/fakechroot:/home/hosting_users/usr/lib:/home/hosting_users/lib:/usr/local/mysql/lib:/usr/java/packages/lib:/usr/lib64:/lib64:/lib:/usr/lib]
30-Sep-2025 11:21:20.150 정보 [main] org.apache.coyote.AbstractProtocol.init 프로토콜 핸들러 ["http-nio-8805"]을(를) 초기화합니다.
30-Sep-2025 11:21:20.166 정보 [main] org.apache.catalina.startup.Catalina.load [325] 밀리초 내에 서버가 초기화되었습니다.
30-Sep-2025 11:21:20.187 정보 [main] org.apache.catalina.core.StandardService.startInternal 서비스 [tmdqh0615]을(를) 시작합니다.
30-Sep-2025 11:21:20.187 정보 [main] org.apache.catalina.core.StandardEngine.startInternal 서버 엔진을 시작합니다: [Apache Tomcat/10.0.20]
30-Sep-2025 11:21:20.194 정보 [main] org.apache.catalina.startup.HostConfig.deployWAR 웹 애플리케이션 아카이브 [/tmdqh0615/tomcat/webapps/ROOT.war]을(를) 배치합니다.
30-Sep-2025 11:21:21.978 정보 [main] org.apache.jasper.servlet.TldScanner.scanJars 적어도 하나의 JAR가 TLD들을 찾기 위해 스캔되었으나 아무 것도 찾지 못했습니다. 스캔했으나 TLD가 없는 JAR들의 전체 목록을 보시려면, 로그 레벨을 디버그 레벨로 설정하십시오. 스캔 과정에서 불필요한 JAR들을 건너뛰면, 시스템 시작 시간과 JSP 컴파일 시간을 단축시킬 수 있습니다.
30-Sep-2025 11:21:22.018 정보 [main] org.apache.catalina.core.ApplicationContext.log 2 Spring WebApplicationInitializers detected on classpath
30-Sep-2025 11:21:23.478 정보 [main] org.apache.catalina.core.ApplicationContext.log Initializing Spring embedded WebApplicationContext
30-Sep-2025 11:21:26.939 정보 [main] org.apache.catalina.startup.HostConfig.deployWAR 웹 애플리케이션 아카이브 [/tmdqh0615/tomcat/webapps/ROOT.war]의 배치가 [6,745] 밀리초에 완료되었습니다.
30-Sep-2025 11:21:26.940 정보 [main] org.apache.catalina.startup.HostConfig.deployDirectory 웹 애플리케이션 디렉토리 [/tmdqh0615/tomcat/webapps/manager]을(를) 배치합니다.
30-Sep-2025 11:21:27.127 정보 [main] org.apache.jasper.servlet.TldScanner.scanJars 적어도 하나의 JAR가 TLD들을 찾기 위해 스캔되었으나 아무 것도 찾지 못했습니다. 스캔했으나 TLD가 없는 JAR들의 전체 목록을 보시려면, 로그 레벨을 디버그 레벨로 설정하십시오. 스캔 과정에서 불필요한 JAR들을 건너뛰면, 시스템 시작 시간과 JSP 컴파일 시간을 단축시킬 수 있습니다.
30-Sep-2025 11:21:27.136 정보 [main] org.apache.catalina.startup.HostConfig.deployDirectory 웹 애플리케이션 디렉토리 [/tmdqh0615/tomcat/webapps/manager]에 대한 배치가 [196] 밀리초에 완료되었습니다.
30-Sep-2025 11:21:27.136 정보 [main] org.apache.catalina.startup.HostConfig.deployDirectory 웹 애플리케이션 디렉토리 [/tmdqh0615/tomcat/webapps/host-manager]을(를) 배치합니다.
30-Sep-2025 11:21:27.279 정보 [main] org.apache.jasper.servlet.TldScanner.scanJars 적어도 하나의 JAR가 TLD들을 찾기 위해 스캔되었으나 아무 것도 찾지 못했습니다. 스캔했으나 TLD가 없는 JAR들의 전체 목록을 보시려면, 로그 레벨을 디버그 레벨로 설정하십시오. 스캔 과정에서 불필요한 JAR들을 건너뛰면, 시스템 시작 시간과 JSP 컴파일 시간을 단축시킬 수 있습니다.
30-Sep-2025 11:21:27.280 정보 [main] org.apache.catalina.startup.HostConfig.deployDirectory 웹 애플리케이션 디렉토리 [/tmdqh0615/tomcat/webapps/host-manager]에 대한 배치가 [144] 밀리초에 완료되었습니다.
30-Sep-2025 11:21:27.283 정보 [main] org.apache.coyote.AbstractProtocol.start 프로토콜 핸들러 ["http-nio-8805"]을(를) 시작합니다.
30-Sep-2025 11:21:27.293 정보 [main] org.apache.catalina.startup.Catalina.start 서버가 [7126] 밀리초 내에 시작되었습니다.
30-Sep-2025 11:21:30.734 정보 [http-nio-8805-exec-1] org.apache.catalina.core.ApplicationContext.log Initializing Spring DispatcherServlet 'dispatcherServlet'
30-Sep-2025 11:30:47.328 정보 [Catalina-utility-1] org.apache.catalina.startup.HostConfig.undeploy 컨텍스트 []의 배치를 제거합니다.
30-Sep-2025 11:30:47.331 정보 [Catalina-utility-1] org.apache.catalina.core.ApplicationContext.log Destroying Spring FrameworkServlet 'dispatcherServlet'
30-Sep-2025 11:30:47.332 정보 [Catalina-utility-1] org.apache.catalina.core.ApplicationContext.log Closing Spring root WebApplicationContext
30-Sep-2025 11:30:47.365 경고 [Catalina-utility-1] org.apache.catalina.loader.WebappClassLoaderBase.clearReferencesObjectStreamClassCaches 웹 애플리케이션 [ROOT]을(를) 위해, ObjectStreamClass$Caches로부터 soft references를 폐기하지 못했습니다.
	java.lang.ClassCastException: class java.io.ObjectStreamClass$Caches$1 cannot be cast to class java.util.Map (java.io.ObjectStreamClass$Caches$1 and java.util.Map are in module java.base of loader 'bootstrap')
		at org.apache.catalina.loader.WebappClassLoaderBase.clearCache(WebappClassLoaderBase.java:2374)
		at org.apache.catalina.loader.WebappClassLoaderBase.clearReferencesObjectStreamClassCaches(WebappClassLoaderBase.java:2349)
		at org.apache.catalina.loader.WebappClassLoaderBase.clearReferences(WebappClassLoaderBase.java:1711)
		at org.apache.catalina.loader.WebappClassLoaderBase.stop(WebappClassLoaderBase.java:1639)
		at org.apache.catalina.loader.WebappLoader.stopInternal(WebappLoader.java:429)
		at org.apache.catalina.util.LifecycleBase.stop(LifecycleBase.java:257)
		at org.apache.catalina.core.StandardContext.stopInternal(StandardContext.java:5464)
		at org.apache.catalina.util.LifecycleBase.stop(LifecycleBase.java:257)
		at org.apache.catalina.core.ContainerBase.removeChild(ContainerBase.java:814)
		at org.apache.catalina.startup.HostConfig.undeploy(HostConfig.java:1556)
		at org.apache.catalina.startup.HostConfig.checkResources(HostConfig.java:1463)
		at org.apache.catalina.startup.HostConfig.check(HostConfig.java:1744)
		at org.apache.catalina.startup.HostConfig.lifecycleEvent(HostConfig.java:316)
		at org.apache.catalina.util.LifecycleBase.fireLifecycleEvent(LifecycleBase.java:123)
		at org.apache.catalina.core.ContainerBase.backgroundProcess(ContainerBase.java:1162)
		at org.apache.catalina.core.ContainerBase$ContainerBackgroundProcessor.processChildren(ContainerBase.java:1365)
		at org.apache.catalina.core.ContainerBase$ContainerBackgroundProcessor.processChildren(ContainerBase.java:1369)
		at org.apache.catalina.core.ContainerBase$ContainerBackgroundProcessor.run(ContainerBase.java:1347)
		at java.base/java.util.concurrent.Executors$RunnableAdapter.call(Executors.java:539)
		at java.base/java.util.concurrent.FutureTask.runAndReset(FutureTask.java:305)
		at java.base/java.util.concurrent.ScheduledThreadPoolExecutor$ScheduledFutureTask.run(ScheduledThreadPoolExecutor.java:305)
		at java.base/java.util.concurrent.ThreadPoolExecutor.runWorker(ThreadPoolExecutor.java:1136)
		at java.base/java.util.concurrent.ThreadPoolExecutor$Worker.run(ThreadPoolExecutor.java:635)
		at org.apache.tomcat.util.threads.TaskThread$WrappingRunnable.run(TaskThread.java:61)
		at java.base/java.lang.Thread.run(Thread.java:833)
30-Sep-2025 11:30:47.380 정보 [Catalina-utility-1] org.apache.catalina.startup.HostConfig.deployWAR 웹 애플리케이션 아카이브 [/tmdqh0615/tomcat/webapps/ROOT.war]을(를) 배치합니다.
30-Sep-2025 11:30:49.194 정보 [Catalina-utility-1] org.apache.jasper.servlet.TldScanner.scanJars 적어도 하나의 JAR가 TLD들을 찾기 위해 스캔되었으나 아무 것도 찾지 못했습니다. 스캔했으나 TLD가 없는 JAR들의 전체 목록을 보시려면, 로그 레벨을 디버그 레벨로 설정하십시오. 스캔 과정에서 불필요한 JAR들을 건너뛰면, 시스템 시작 시간과 JSP 컴파일 시간을 단축시킬 수 있습니다.
30-Sep-2025 11:30:49.230 정보 [Catalina-utility-1] org.apache.catalina.core.ApplicationContext.log 2 Spring WebApplicationInitializers detected on classpath
30-Sep-2025 11:30:50.451 정보 [Catalina-utility-1] org.apache.catalina.core.ApplicationContext.log Initializing Spring embedded WebApplicationContext
30-Sep-2025 11:30:53.582 정보 [main] org.apache.catalina.core.AprLifecycleListener.lifecycleEvent 프로덕션 환경들에서 최적의 성능을 제공하는, APR 기반 Apache Tomcat Native 라이브러리가, 다음 java.library.path에서 발견되지 않습니다: [/home/hosting_users/usr/local/fakechroot/lib/fakechroot:/usr/local/fakechroot/lib/fakechroot:/home/hosting_users/usr/lib:/home/hosting_users/lib:/usr/local/mysql/lib:/usr/java/packages/lib:/usr/lib64:/lib64:/lib:/usr/lib]
30-Sep-2025 11:30:53.786 정보 [main] org.apache.coyote.AbstractProtocol.init 프로토콜 핸들러 ["http-nio-8805"]을(를) 초기화합니다.
30-Sep-2025 11:30:53.802 정보 [main] org.apache.catalina.startup.Catalina.load [340] 밀리초 내에 서버가 초기화되었습니다.
30-Sep-2025 11:30:53.826 정보 [main] org.apache.catalina.core.StandardService.startInternal 서비스 [tmdqh0615]을(를) 시작합니다.
30-Sep-2025 11:30:53.826 정보 [main] org.apache.catalina.core.StandardEngine.startInternal 서버 엔진을 시작합니다: [Apache Tomcat/10.0.20]
30-Sep-2025 11:30:53.834 정보 [main] org.apache.catalina.startup.HostConfig.deployWAR 웹 애플리케이션 아카이브 [/tmdqh0615/tomcat/webapps/ROOT.war]을(를) 배치합니다.
30-Sep-2025 11:30:55.741 정보 [main] org.apache.jasper.servlet.TldScanner.scanJars 적어도 하나의 JAR가 TLD들을 찾기 위해 스캔되었으나 아무 것도 찾지 못했습니다. 스캔했으나 TLD가 없는 JAR들의 전체 목록을 보시려면, 로그 레벨을 디버그 레벨로 설정하십시오. 스캔 과정에서 불필요한 JAR들을 건너뛰면, 시스템 시작 시간과 JSP 컴파일 시간을 단축시킬 수 있습니다.
30-Sep-2025 11:30:55.784 정보 [main] org.apache.catalina.core.ApplicationContext.log 2 Spring WebApplicationInitializers detected on classpath
30-Sep-2025 11:30:57.359 정보 [main] org.apache.catalina.core.ApplicationContext.log Initializing Spring embedded WebApplicationContext
30-Sep-2025 11:31:00.594 정보 [main] org.apache.catalina.startup.HostConfig.deployWAR 웹 애플리케이션 아카이브 [/tmdqh0615/tomcat/webapps/ROOT.war]의 배치가 [6,759] 밀리초에 완료되었습니다.
30-Sep-2025 11:31:00.594 정보 [main] org.apache.catalina.startup.HostConfig.deployDirectory 웹 애플리케이션 디렉토리 [/tmdqh0615/tomcat/webapps/manager]을(를) 배치합니다.
30-Sep-2025 11:31:00.744 정보 [main] org.apache.jasper.servlet.TldScanner.scanJars 적어도 하나의 JAR가 TLD들을 찾기 위해 스캔되었으나 아무 것도 찾지 못했습니다. 스캔했으나 TLD가 없는 JAR들의 전체 목록을 보시려면, 로그 레벨을 디버그 레벨로 설정하십시오. 스캔 과정에서 불필요한 JAR들을 건너뛰면, 시스템 시작 시간과 JSP 컴파일 시간을 단축시킬 수 있습니다.
30-Sep-2025 11:31:00.747 정보 [main] org.apache.catalina.startup.HostConfig.deployDirectory 웹 애플리케이션 디렉토리 [/tmdqh0615/tomcat/webapps/manager]에 대한 배치가 [153] 밀리초에 완료되었습니다.
30-Sep-2025 11:31:00.748 정보 [main] org.apache.catalina.startup.HostConfig.deployDirectory 웹 애플리케이션 디렉토리 [/tmdqh0615/tomcat/webapps/host-manager]을(를) 배치합니다.
30-Sep-2025 11:31:00.881 정보 [main] org.apache.jasper.servlet.TldScanner.scanJars 적어도 하나의 JAR가 TLD들을 찾기 위해 스캔되었으나 아무 것도 찾지 못했습니다. 스캔했으나 TLD가 없는 JAR들의 전체 목록을 보시려면, 로그 레벨을 디버그 레벨로 설정하십시오. 스캔 과정에서 불필요한 JAR들을 건너뛰면, 시스템 시작 시간과 JSP 컴파일 시간을 단축시킬 수 있습니다.
30-Sep-2025 11:31:00.882 정보 [main] org.apache.catalina.startup.HostConfig.deployDirectory 웹 애플리케이션 디렉토리 [/tmdqh0615/tomcat/webapps/host-manager]에 대한 배치가 [134] 밀리초에 완료되었습니다.
30-Sep-2025 11:31:00.884 정보 [main] org.apache.coyote.AbstractProtocol.start 프로토콜 핸들러 ["http-nio-8805"]을(를) 시작합니다.
30-Sep-2025 11:31:00.893 정보 [main] org.apache.catalina.startup.Catalina.start 서버가 [7090] 밀리초 내에 시작되었습니다.
30-Sep-2025 11:31:00.932 정보 [http-nio-8805-exec-1] org.apache.catalina.core.ApplicationContext.log Initializing Spring DispatcherServlet 'dispatcherServlet'
30-Sep-2025 12:00:59.752 정보 [main] org.apache.catalina.core.AprLifecycleListener.lifecycleEvent 프로덕션 환경들에서 최적의 성능을 제공하는, APR 기반 Apache Tomcat Native 라이브러리가, 다음 java.library.path에서 발견되지 않습니다: [/home/hosting_users/usr/local/fakechroot/lib/fakechroot:/usr/local/fakechroot/lib/fakechroot:/home/hosting_users/usr/lib:/home/hosting_users/lib:/usr/local/mysql/lib:/usr/java/packages/lib:/usr/lib64:/lib64:/lib:/usr/lib]
30-Sep-2025 12:00:59.947 정보 [main] org.apache.coyote.AbstractProtocol.init 프로토콜 핸들러 ["http-nio-8805"]을(를) 초기화합니다.
30-Sep-2025 12:00:59.962 정보 [main] org.apache.catalina.startup.Catalina.load [338] 밀리초 내에 서버가 초기화되었습니다.
30-Sep-2025 12:00:59.985 정보 [main] org.apache.catalina.core.StandardService.startInternal 서비스 [tmdqh0615]을(를) 시작합니다.
30-Sep-2025 12:00:59.985 정보 [main] org.apache.catalina.core.StandardEngine.startInternal 서버 엔진을 시작합니다: [Apache Tomcat/10.0.20]
30-Sep-2025 12:00:59.994 정보 [main] org.apache.catalina.startup.HostConfig.deployWAR 웹 애플리케이션 아카이브 [/tmdqh0615/tomcat/webapps/ROOT.war]을(를) 배치합니다.
30-Sep-2025 12:01:01.948 정보 [main] org.apache.jasper.servlet.TldScanner.scanJars 적어도 하나의 JAR가 TLD들을 찾기 위해 스캔되었으나 아무 것도 찾지 못했습니다. 스캔했으나 TLD가 없는 JAR들의 전체 목록을 보시려면, 로그 레벨을 디버그 레벨로 설정하십시오. 스캔 과정에서 불필요한 JAR들을 건너뛰면, 시스템 시작 시간과 JSP 컴파일 시간을 단축시킬 수 있습니다.
30-Sep-2025 12:01:01.993 정보 [main] org.apache.catalina.core.ApplicationContext.log 2 Spring WebApplicationInitializers detected on classpath
30-Sep-2025 12:01:03.538 정보 [main] org.apache.catalina.core.ApplicationContext.log Initializing Spring embedded WebApplicationContext
30-Sep-2025 12:01:06.992 정보 [main] org.apache.catalina.startup.HostConfig.deployWAR 웹 애플리케이션 아카이브 [/tmdqh0615/tomcat/webapps/ROOT.war]의 배치가 [6,998] 밀리초에 완료되었습니다.
30-Sep-2025 12:01:06.992 정보 [main] org.apache.catalina.startup.HostConfig.deployDirectory 웹 애플리케이션 디렉토리 [/tmdqh0615/tomcat/webapps/manager]을(를) 배치합니다.
30-Sep-2025 12:01:07.169 정보 [main] org.apache.jasper.servlet.TldScanner.scanJars 적어도 하나의 JAR가 TLD들을 찾기 위해 스캔되었으나 아무 것도 찾지 못했습니다. 스캔했으나 TLD가 없는 JAR들의 전체 목록을 보시려면, 로그 레벨을 디버그 레벨로 설정하십시오. 스캔 과정에서 불필요한 JAR들을 건너뛰면, 시스템 시작 시간과 JSP 컴파일 시간을 단축시킬 수 있습니다.
30-Sep-2025 12:01:07.173 정보 [main] org.apache.catalina.startup.HostConfig.deployDirectory 웹 애플리케이션 디렉토리 [/tmdqh0615/tomcat/webapps/manager]에 대한 배치가 [181] 밀리초에 완료되었습니다.
30-Sep-2025 12:01:07.173 정보 [main] org.apache.catalina.startup.HostConfig.deployDirectory 웹 애플리케이션 디렉토리 [/tmdqh0615/tomcat/webapps/host-manager]을(를) 배치합니다.
30-Sep-2025 12:01:07.313 정보 [main] org.apache.jasper.servlet.TldScanner.scanJars 적어도 하나의 JAR가 TLD들을 찾기 위해 스캔되었으나 아무 것도 찾지 못했습니다. 스캔했으나 TLD가 없는 JAR들의 전체 목록을 보시려면, 로그 레벨을 디버그 레벨로 설정하십시오. 스캔 과정에서 불필요한 JAR들을 건너뛰면, 시스템 시작 시간과 JSP 컴파일 시간을 단축시킬 수 있습니다.
30-Sep-2025 12:01:07.314 정보 [main] org.apache.catalina.startup.HostConfig.deployDirectory 웹 애플리케이션 디렉토리 [/tmdqh0615/tomcat/webapps/host-manager]에 대한 배치가 [141] 밀리초에 완료되었습니다.
30-Sep-2025 12:01:07.315 정보 [main] org.apache.coyote.AbstractProtocol.start 프로토콜 핸들러 ["http-nio-8805"]을(를) 시작합니다.
30-Sep-2025 12:01:07.324 정보 [main] org.apache.catalina.startup.Catalina.start 서버가 [7362] 밀리초 내에 시작되었습니다.
30-Sep-2025 12:01:28.502 정보 [http-nio-8805-exec-1] org.apache.catalina.core.ApplicationContext.log Initializing Spring DispatcherServlet 'dispatcherServlet'
